<?xml version="1.0" encoding="UTF-8"?>
<!-- Generated by org.testng.reporters.JUnitXMLReporter -->
<testsuite hostname="DESKTOP-04MOS7J" ignored="0" name="Default test" tests="3" failures="0" timestamp="2020-02-29T11:50:08 IST" time="87.068" errors="0">
  <testcase name="invalidPwd" time="3.258" classname="qa.mobile.Test1"/>
  <testcase name="invalidUser" time="2.146" classname="qa.mobile.Test1"/>
  <testcase name="validCredentials" time="3.479" classname="qa.mobile.Test1"/>
</testsuite> <!-- Default test -->
